<?xml version="1.0" encoding="UTF-8"?>
<beans>

    <bean id="entityManagerFactory" class="org.springframework.orm.jpa.LocalContainerEntityManagerFactoryBean">
        <property name="dataSource" ref="dataSource"/>
        <property name="jpaVendorAdapter">
                <bean class="org.unitils.orm.jpa.util.provider.hibernate.UnitilsHibernateJpaVendorAdapter"/>
        </property>
<!--         <property name="persistenceUnitName" value="testPU" /> -->
        <property name="persistenceXmlLocation" value="classpath:META-INF/persistence-test.xml"/>
    </bean>

        <bean id="dataSource" class="org.unitils.database.UnitilsDataSourceFactoryBean"/>

    <bean id="transactionManager" class="org.springframework.orm.jpa.JpaTransactionManager">
        <property name="entityManagerFactory" ref="entityManagerFactory"/>
    </bean>

</beans>        